<?xml version="1.0" encoding="UTF-8"?>
<!-- Generated by org.testng.reporters.JUnitReportReporter -->
<testsuite skipped="0" hostname="DESKTOP-J4T92VH" name="Main.Code.Registration" tests="1" failures="0" timestamp="2020-08-06T06:59:16 EDT" time="0.394" errors="0">
  <testcase name="f" time="0.394" classname="Main.Code.Registration"/>
</testsuite> <!-- Main.Code.Registration -->
