<?xml version="1.0" encoding="UTF-8"?>
<!-- Generated by org.testng.reporters.JUnitReportReporter -->
<testsuite skipped="0" hostname="DESKTOP-J4T92VH" name="testcase.Assertion" tests="1" failures="0" timestamp="2020-08-08T13:42:30 EDT" time="0.024" errors="0">
  <testcase name="f" time="0.024" classname="testcase.Assertion"/>
</testsuite> <!-- testcase.Assertion -->
