<?xml version="1.0" encoding="UTF-8"?>
<!-- Generated by org.testng.reporters.JUnitReportReporter -->
<testsuite skipped="0" hostname="DESKTOP-J4T92VH" name="testcase.homepage" tests="1" failures="0" timestamp="2020-08-08T09:32:14 EDT" time="4.202" errors="0">
  <testcase name="f" time="4.202" classname="testcase.homepage"/>
</testsuite> <!-- testcase.homepage -->
